% cat /tmp/movies.txt
user9,m1,5
user8,m2,4
user1,m1,2
user1,9
user1,m1,2
user2,m2,3
user2,m3,5
user3,m3,4
user6,m3,4
user7,m3,3
user3,king
user4,m1,3
user5,m2,5
user6,m4,5
user7,m5,5
user1
user3,m3,5
user4,m4,1

 % ~/spark-3.2.0/bin/spark-submit a2.py /tmp/movies.txt
input_path= /tmp/movies.txt

records.collect()= 
[
 'user9,m1,5', 
 'user8,m2,4', 
 'user1,m1,2', 
 'user1,9', 
 'user1,m1,2', 
 'user2,m2,3', 
 'user2,m3,5', 
 'user3,m3,4', 
 'user6,m3,4', 
 'user7,m3,3', 
 'user3,king', 
 'user4,m1,3', 
 'user5,m2,5', 
 'user6,m4,5', 
 'user7,m5,5', 
 'user1', 
 'user3,m3,5', 
 'user4,m4,1'
]

tuples3.collect()= 
[
 ['user9', 'm1', '5'], 
 ['user8', 'm2', '4'], 
 ['user1', 'm1', '2'], 
 ['user1', 'm1', '2'], 
 ['user2', 'm2', '3'], 
 ['user2', 'm3', '5'], 
 ['user3', 'm3', '4'], 
 ['user6', 'm3', '4'], 
 ['user7', 'm3', '3'], 
 ['user4', 'm1', '3'], 
 ['user5', 'm2', '5'], 
 ['user6', 'm4', '5'], 
 ['user7', 'm5', '5'], 
 ['user3', 'm3', '5'], 
 ['user4', 'm4', '1']
]

tuples3_filtered.collect()= 
[
 ['user9', 'm1', '5'], 
 ['user8', 'm2', '4'], 
 ['user1', 'm1', '2'], 
 ['user1', 'm1', '2'], 
 ['user2', 'm2', '3'], 
 ['user2', 'm3', '5'], 
 ['user3', 'm3', '4'], 
 ['user6', 'm3', '4'], 
 ['user7', 'm3', '3'], 
 ['user4', 'm1', '3'], 
 ['user5', 'm2', '5'], 
 ['user6', 'm4', '5'], 
 ['user7', 'm5', '5'], 
 ['user3', 'm3', '5']
]

key_value_pairs.collect()= 
[
 ('m1', 5), 
 ('rating-5', 'm1'), 
 ('m2', 4), 
 ('m1', 2), 
 ('m1', 2), 
 ('m2', 3), 
 ('m3', 5), 
 ('rating-5', 'm3'), 
 ('m3', 4), 
 ('m3', 4), 
 ('m3', 3), 
 ('m1', 3), 
 ('m2', 5), 
 ('rating-5', 'm2'), 
 ('m4', 5), 
 ('rating-5', 'm4'), 
 ('m5', 5), 
 ('rating-5', 'm5'), 
 ('m3', 5), 
 ('rating-5', 'm3')
]

grouped.collect()= 
[
 ('m3', [5, 4, 4, 3, 5]), 
 ('m4', [5]), 
 ('m5', [5]), 
 ('m1', [5, 2, 2, 3]), 
 ('rating-5', ['m1', 'm3', 'm2', 'm4', 'm5', 'm3']), 
 ('m2', [4, 3, 5])
]

final_key_value.collect()= 
[
 ('m3', 4.2), 
 ('m4', 5.0), 
 ('m5', 5.0), 
 ('m1', 3.0), 
 ('rating-5', {'m4', 'm5', 'm1', 'm3', 'm2'}), 
 ('m2', 4.0)
]
