1. Download spark from http://apache.claz.org/spark/spark-1.3.0/spark-1.3.0.tgz

2. save spark-1.3.0.tgz as /<your-spark-install-dir>/spark-1.3.0.tgz

3. Define your Java
# export JAVA_HOME=/Library/Java/JavaVirtualMachines/jdk1.7.0_60.jdk/Contents/Home

4. Make sure java is defined:
# java -version
java version "1.7.0_60"
Java(TM) SE Runtime Environment (build 1.7.0_60-b19)
Java HotSpot(TM) 64-Bit Server VM (build 24.60-b09, mixed mode)

5. cd /<your-spark-install-dir>/


6. Unpack the zipped file:
# tar zvfx  spark-1.3.0.tgz

7. 
# cd spark-1.3.0

8. Build spark against Hadoop-2.6.0
# sbt/sbt -Dhadoop.version=2.6.0 -Pyarn assembly
...
wait about 5 minutes
...
[info] Done packaging.
[info] Done packaging.
[success] Total time: 319 s, completed Feb 24, 2015 12:32:30 PM